/home/btu59013/.config/gedit/accels
/home/btu59013/.local/share/zeitgeist/activity.sqlite-shm
/home/btu59013/.local/share/zeitgeist/activity.sqlite
/home/btu59013/.local/share/zeitgeist/activity.sqlite-wal
/home/btu59013/.local/share/evolution/addressbook
/home/btu59013/.local/share/gnome-shell/application_state
/home/btu59013/.local/share/applications
/home/btu59013/.cache/evolution/addressbook
/home/btu59013/.cache/mesa_shader_cache/a4
/home/btu59013/.cache/mesa_shader_cache/ab
/home/btu59013/.cache/mesa_shader_cache/a0
/home/btu59013/.cache/mesa_shader_cache/71/aa5a2f5490a81f12cf2bf374c89744bb257f91
/home/btu59013/.cache/mesa_shader_cache/7e/ae076289cfd73a5b6fb690cbd6ed194dbe6fef
/home/btu59013/.cache/mesa_shader_cache/a9
/home/btu59013/.cache/mesa_shader_cache/a9/a8fc84fbecc19114a1b1f06972972cde05eb67
/home/btu59013/.cache/mesa_shader_cache/a6
/home/btu59013/.cache/mesa_shader_cache/e0/a23a154d8ae2c90eb757507389d228ff192192
/home/btu59013/.cache/mesa_shader_cache/a3
/home/btu59013/.cache/mesa_shader_cache/aa
/home/btu59013/.cache/mesa_shader_cache/2a/ab01cfef33665013e2e5706043a4daf4d631b6
/home/btu59013/snap/snapd-desktop-integration/common/.cache/fontconfig/a704df002d997bbd1bdaa99b50d07a5e-le64.cache-7
/home/btu59013/snap/firefox/common/.mozilla/firefox/oxv3cs5o.default/addons.json
/home/btu59013/snap/firefox/common/.mozilla/firefox/oxv3cs5o.default/addonStartup.json.lz4
/home/btu59013/snap/firefox/common/.cache/mozilla/firefox/oxv3cs5o.default/activity-stream.discovery_stream.json
/home/btu59013/snap/firefox/common/.cache/mozilla/firefox/oxv3cs5o.default/settings/main/ms-language-packs/browser/newtab/asrouter.ftl
/home/btu59013/snap/firefox/common/.cache/mozilla/firefox/oxv3cs5o.default/safebrowsing/ads-track-digest256.vlpset
/home/btu59013/snap/firefox/common/.cache/mozilla/firefox/oxv3cs5o.default/safebrowsing/analytics-track-digest256.sbstore
/home/btu59013/snap/firefox/common/.cache/mozilla/firefox/oxv3cs5o.default/safebrowsing/analytics-track-digest256.vlpset
/home/btu59013/snap/firefox/common/.cache/mozilla/firefox/oxv3cs5o.default/safebrowsing/ads-track-digest256.sbstore
/home/btu59013/odev/belgeler/analiz
